{"/Users/chrisadams/projects/application-healthcheck/src/client/components/checkComponentCard.jsx": {"path":"/Users/chrisadams/projects/application-healthcheck/src/client/components/checkComponentCard.jsx","statementMap":{"0":{"start":{"line":5,"column":2},"end":{"line":9,"column":10}}},"fnMap":{"0":{"name":"CheckComponentCard","decl":{"start":{"line":4,"column":9},"end":{"line":4,"column":27}},"loc":{"start":{"line":4,"column":35},"end":{"line":10,"column":1}},"line":4}},"branchMap":{},"s":{"0":1},"f":{"0":1},"b":{},"_coverageSchema":"332fd63041d2c1bcb487cc26dd0d5f7d97098a6c","hash":"ce70e82afc6f272d459404e495066802c955b1b7"}
,"/Users/chrisadams/projects/application-healthcheck/src/client/test/jestsetup.js": {"path":"/Users/chrisadams/projects/application-healthcheck/src/client/test/jestsetup.js","statementMap":{"0":{"start":{"line":4,"column":0},"end":{"line":4,"column":45}},"1":{"start":{"line":6,"column":0},"end":{"line":6,"column":25}},"2":{"start":{"line":7,"column":0},"end":{"line":7,"column":23}},"3":{"start":{"line":8,"column":0},"end":{"line":8,"column":21}}},"fnMap":{},"branchMap":{},"s":{"0":1,"1":1,"2":1,"3":1},"f":{},"b":{},"_coverageSchema":"332fd63041d2c1bcb487cc26dd0d5f7d97098a6c","hash":"7ebc9011d7faf6e685841705fe49095c4d77e44e"}
}
